mode: set
github.com/shrewx/ginx/binding.go:17.87,22.40 3 1
github.com/shrewx/ginx/binding.go:22.40,23.21 1 1
github.com/shrewx/ginx/binding.go:23.21,24.12 1 0
github.com/shrewx/ginx/binding.go:27.3,28.27 2 1
github.com/shrewx/ginx/binding.go:28.27,29.12 1 0
github.com/shrewx/ginx/binding.go:34.3,34.25 1 1
github.com/shrewx/ginx/binding.go:34.25,36.69 2 1
github.com/shrewx/ginx/binding.go:36.69,38.5 1 1
github.com/shrewx/ginx/binding.go:39.4,39.23 1 1
github.com/shrewx/ginx/binding.go:44.3,44.73 1 1
github.com/shrewx/ginx/binding.go:44.73,46.49 2 1
github.com/shrewx/ginx/binding.go:46.49,48.5 1 0
github.com/shrewx/ginx/binding.go:49.4,49.27 1 1
github.com/shrewx/ginx/binding.go:53.2,53.49 1 1
github.com/shrewx/ginx/binding.go:57.57,58.12 1 1
github.com/shrewx/ginx/binding.go:59.15,60.23 1 1
github.com/shrewx/ginx/binding.go:61.14,62.22 1 1
github.com/shrewx/ginx/binding.go:63.20,64.26 1 1
github.com/shrewx/ginx/binding.go:65.27,66.31 1 1
github.com/shrewx/ginx/binding.go:67.16,68.24 1 1
github.com/shrewx/ginx/binding.go:71.2,71.21 1 1
github.com/shrewx/ginx/binding.go:72.26,73.22 1 1
github.com/shrewx/ginx/binding.go:74.37,75.21 1 1
github.com/shrewx/ginx/binding.go:76.32,77.26 1 1
github.com/shrewx/ginx/binding.go:78.54,79.25 1 1
github.com/shrewx/ginx/binding.go:80.28,81.22 1 1
github.com/shrewx/ginx/binding.go:82.26,83.22 1 1
github.com/shrewx/ginx/binding.go:84.43,85.26 1 1
github.com/shrewx/ginx/binding.go:86.29,87.31 1 1
github.com/shrewx/ginx/binding.go:88.10,89.22 1 1
github.com/shrewx/ginx/binding.go:96.95,101.40 2 1
github.com/shrewx/ginx/binding.go:101.40,102.21 1 1
github.com/shrewx/ginx/binding.go:102.21,103.12 1 0
github.com/shrewx/ginx/binding.go:106.3,107.27 2 1
github.com/shrewx/ginx/binding.go:107.27,108.12 1 0
github.com/shrewx/ginx/binding.go:111.3,114.19 2 1
github.com/shrewx/ginx/binding.go:115.15,116.47 1 1
github.com/shrewx/ginx/binding.go:117.16,118.48 1 1
github.com/shrewx/ginx/binding.go:119.17,120.49 1 1
github.com/shrewx/ginx/binding.go:121.15,122.47 1 1
github.com/shrewx/ginx/binding.go:123.20,124.52 1 1
github.com/shrewx/ginx/binding.go:125.21,126.53 1 0
github.com/shrewx/ginx/binding.go:127.15,128.47 1 1
github.com/shrewx/ginx/binding.go:129.18,130.49 1 1
github.com/shrewx/ginx/binding.go:133.3,133.17 1 1
github.com/shrewx/ginx/binding.go:133.17,135.4 1 0
github.com/shrewx/ginx/binding.go:138.2,138.49 1 1
github.com/shrewx/ginx/binding.go:142.87,144.17 2 1
github.com/shrewx/ginx/binding.go:144.17,146.3 1 0
github.com/shrewx/ginx/binding.go:148.2,148.53 1 1
github.com/shrewx/ginx/binding.go:152.88,154.17 2 1
github.com/shrewx/ginx/binding.go:154.17,156.3 1 0
github.com/shrewx/ginx/binding.go:158.2,158.53 1 1
github.com/shrewx/ginx/binding.go:162.89,164.17 2 1
github.com/shrewx/ginx/binding.go:164.17,166.3 1 0
github.com/shrewx/ginx/binding.go:168.2,168.53 1 1
github.com/shrewx/ginx/binding.go:172.87,174.17 2 1
github.com/shrewx/ginx/binding.go:174.17,176.3 1 1
github.com/shrewx/ginx/binding.go:178.2,178.53 1 1
github.com/shrewx/ginx/binding.go:182.92,184.64 1 1
github.com/shrewx/ginx/binding.go:184.64,186.17 2 1
github.com/shrewx/ginx/binding.go:186.17,188.4 1 1
github.com/shrewx/ginx/binding.go:189.3,190.13 2 0
github.com/shrewx/ginx/binding.go:194.2,195.17 2 1
github.com/shrewx/ginx/binding.go:195.17,197.3 1 0
github.com/shrewx/ginx/binding.go:199.2,199.53 1 1
github.com/shrewx/ginx/binding.go:203.93,205.17 2 1
github.com/shrewx/ginx/binding.go:205.17,207.3 1 0
github.com/shrewx/ginx/binding.go:209.2,209.53 1 1
github.com/shrewx/ginx/binding.go:213.87,217.55 2 1
github.com/shrewx/ginx/binding.go:217.55,219.3 1 1
github.com/shrewx/ginx/binding.go:219.8,219.61 1 1
github.com/shrewx/ginx/binding.go:219.61,221.3 1 1
github.com/shrewx/ginx/binding.go:221.8,221.64 1 0
github.com/shrewx/ginx/binding.go:221.64,223.3 1 0
github.com/shrewx/ginx/binding.go:223.8,223.62 1 0
github.com/shrewx/ginx/binding.go:223.62,225.3 1 0
github.com/shrewx/ginx/binding.go:228.2,228.58 1 0
github.com/shrewx/ginx/binding.go:232.89,234.16 2 1
github.com/shrewx/ginx/binding.go:234.16,236.3 1 0
github.com/shrewx/ginx/binding.go:238.2,238.54 1 1
github.com/shrewx/ginx/binding.go:242.85,243.14 1 1
github.com/shrewx/ginx/binding.go:244.22,245.30 1 1
github.com/shrewx/ginx/binding.go:246.78,247.65 1 1
github.com/shrewx/ginx/binding.go:247.65,249.4 1 1
github.com/shrewx/ginx/binding.go:250.83,251.67 1 1
github.com/shrewx/ginx/binding.go:251.67,253.4 1 1
github.com/shrewx/ginx/binding.go:254.40,255.65 1 1
github.com/shrewx/ginx/binding.go:255.65,257.4 1 1
github.com/shrewx/ginx/binding.go:258.20,259.59 1 1
github.com/shrewx/ginx/binding.go:259.59,261.4 1 1
github.com/shrewx/ginx/binding.go:262.21,264.56 1 1
github.com/shrewx/ginx/binding.go:264.56,267.31 3 1
github.com/shrewx/ginx/binding.go:267.31,269.5 1 1
github.com/shrewx/ginx/binding.go:270.4,270.25 1 1
github.com/shrewx/ginx/binding.go:274.2,274.12 1 1
github.com/shrewx/ginx/client.go:48.81,50.9 2 1
github.com/shrewx/ginx/client.go:50.9,52.17 2 0
github.com/shrewx/ginx/client.go:52.17,54.4 1 0
github.com/shrewx/ginx/client.go:55.3,55.21 1 0
github.com/shrewx/ginx/client.go:58.2,59.23 2 1
github.com/shrewx/ginx/client.go:59.23,61.3 1 1
github.com/shrewx/ginx/client.go:63.2,64.16 2 1
github.com/shrewx/ginx/client.go:64.16,66.3 1 0
github.com/shrewx/ginx/client.go:67.2,69.8 1 1
github.com/shrewx/ginx/client.go:72.90,73.16 1 1
github.com/shrewx/ginx/client.go:73.16,75.3 1 0
github.com/shrewx/ginx/client.go:77.2,78.54 2 1
github.com/shrewx/ginx/client.go:78.54,80.3 1 1
github.com/shrewx/ginx/client.go:82.2,83.50 2 1
github.com/shrewx/ginx/client.go:83.50,85.3 1 1
github.com/shrewx/ginx/client.go:87.2,88.16 2 1
github.com/shrewx/ginx/client.go:88.16,90.3 1 0
github.com/shrewx/ginx/client.go:92.2,94.21 2 1
github.com/shrewx/ginx/client.go:101.129,105.8 3 1
github.com/shrewx/ginx/client.go:105.8,107.3 1 0
github.com/shrewx/ginx/client.go:107.8,109.3 1 1
github.com/shrewx/ginx/client.go:112.2,112.14 1 1
github.com/shrewx/ginx/client.go:112.14,114.17 2 1
github.com/shrewx/ginx/client.go:114.17,116.4 1 0
github.com/shrewx/ginx/client.go:117.3,118.18 2 1
github.com/shrewx/ginx/client.go:122.2,129.9 6 1
github.com/shrewx/ginx/client.go:129.9,131.3 1 1
github.com/shrewx/ginx/client.go:132.2,138.37 4 1
github.com/shrewx/ginx/client.go:138.37,140.43 2 1
github.com/shrewx/ginx/client.go:140.43,143.18 2 1
github.com/shrewx/ginx/client.go:143.18,145.5 1 1
github.com/shrewx/ginx/client.go:146.4,146.18 1 1
github.com/shrewx/ginx/client.go:146.18,148.5 1 1
github.com/shrewx/ginx/client.go:151.4,151.14 1 1
github.com/shrewx/ginx/client.go:152.14,153.148 1 1
github.com/shrewx/ginx/client.go:154.17,155.82 1 1
github.com/shrewx/ginx/client.go:156.15,157.60 1 1
github.com/shrewx/ginx/client.go:158.14,159.107 1 1
github.com/shrewx/ginx/client.go:160.14,163.52 3 1
github.com/shrewx/ginx/client.go:164.19,168.8 2 1
github.com/shrewx/ginx/client.go:169.25,170.50 1 1
github.com/shrewx/ginx/client.go:171.24,173.20 2 1
github.com/shrewx/ginx/client.go:173.20,175.7 1 0
github.com/shrewx/ginx/client.go:177.6,177.55 1 1
github.com/shrewx/ginx/client.go:177.55,179.7 1 0
github.com/shrewx/ginx/client.go:180.26,181.28 1 1
github.com/shrewx/ginx/client.go:181.28,183.21 2 1
github.com/shrewx/ginx/client.go:183.21,185.8 1 0
github.com/shrewx/ginx/client.go:186.7,186.54 1 1
github.com/shrewx/ginx/client.go:186.54,188.8 1 0
github.com/shrewx/ginx/client.go:190.13,191.69 1 1
github.com/shrewx/ginx/client.go:193.5,194.23 2 1
github.com/shrewx/ginx/client.go:200.2,200.17 1 1
github.com/shrewx/ginx/client.go:200.17,203.17 2 1
github.com/shrewx/ginx/client.go:203.17,205.4 1 0
github.com/shrewx/ginx/client.go:209.2,210.20 2 1
github.com/shrewx/ginx/client.go:210.20,211.62 1 1
github.com/shrewx/ginx/client.go:211.62,213.4 1 0
github.com/shrewx/ginx/client.go:213.9,215.4 1 1
github.com/shrewx/ginx/client.go:219.2,220.16 2 1
github.com/shrewx/ginx/client.go:220.16,222.3 1 0
github.com/shrewx/ginx/client.go:223.2,227.30 3 1
github.com/shrewx/ginx/client.go:227.30,230.29 3 1
github.com/shrewx/ginx/client.go:230.29,233.4 2 1
github.com/shrewx/ginx/client.go:234.3,236.30 2 1
github.com/shrewx/ginx/client.go:236.30,238.26 2 1
github.com/shrewx/ginx/client.go:238.26,243.5 1 1
github.com/shrewx/ginx/client.go:247.2,247.17 1 1
github.com/shrewx/ginx/client.go:250.44,252.20 2 1
github.com/shrewx/ginx/client.go:252.20,254.3 1 1
github.com/shrewx/ginx/client.go:255.2,256.16 2 1
github.com/shrewx/ginx/client.go:256.16,258.3 1 1
github.com/shrewx/ginx/client.go:259.2,259.19 1 1
github.com/shrewx/ginx/client.go:264.77,266.2 1 1
github.com/shrewx/ginx/client.go:268.58,269.16 1 1
github.com/shrewx/ginx/client.go:269.16,271.3 1 1
github.com/shrewx/ginx/client.go:272.2,272.63 1 1
github.com/shrewx/ginx/client.go:272.63,274.3 1 1
github.com/shrewx/ginx/client.go:275.2,275.12 1 1
github.com/shrewx/ginx/client.go:280.94,282.2 1 1
github.com/shrewx/ginx/client.go:284.75,285.16 1 1
github.com/shrewx/ginx/client.go:285.16,287.3 1 1
github.com/shrewx/ginx/client.go:288.2,288.80 1 1
github.com/shrewx/ginx/client.go:288.80,290.3 1 1
github.com/shrewx/ginx/client.go:291.2,291.12 1 1
github.com/shrewx/ginx/client.go:296.83,297.17 1 1
github.com/shrewx/ginx/client.go:297.17,299.3 1 1
github.com/shrewx/ginx/client.go:300.2,300.16 1 1
github.com/shrewx/ginx/client.go:300.16,302.3 1 0
github.com/shrewx/ginx/client.go:304.2,304.57 1 1
github.com/shrewx/ginx/client.go:307.63,308.16 1 1
github.com/shrewx/ginx/client.go:308.16,310.3 1 1
github.com/shrewx/ginx/client.go:311.2,311.61 1 1
github.com/shrewx/ginx/client.go:311.61,312.12 1 1
github.com/shrewx/ginx/client.go:312.12,314.4 1 0
github.com/shrewx/ginx/client.go:315.3,315.12 1 1
github.com/shrewx/ginx/client.go:318.2,318.12 1 1
github.com/shrewx/ginx/client.go:321.95,324.14 2 1
github.com/shrewx/ginx/client.go:324.14,326.3 1 1
github.com/shrewx/ginx/client.go:326.8,337.3 1 1
github.com/shrewx/ginx/client.go:339.2,339.52 1 1
github.com/shrewx/ginx/client.go:339.53,343.3 0 0
github.com/shrewx/ginx/client.go:345.2,346.20 2 1
github.com/shrewx/ginx/client.go:346.20,348.3 1 0
github.com/shrewx/ginx/client.go:350.2,355.15 2 1
github.com/shrewx/ginx/client.go:362.35,363.23 1 1
github.com/shrewx/ginx/client.go:363.23,365.3 1 1
github.com/shrewx/ginx/client.go:366.2,366.10 1 1
github.com/shrewx/ginx/client.go:369.47,370.15 1 1
github.com/shrewx/ginx/client.go:370.15,371.50 1 1
github.com/shrewx/ginx/client.go:371.50,373.4 1 1
github.com/shrewx/ginx/client.go:376.2,377.16 2 1
github.com/shrewx/ginx/client.go:377.16,379.3 1 0
github.com/shrewx/ginx/client.go:380.2,380.33 1 1
github.com/shrewx/ginx/client.go:380.33,382.3 1 1
github.com/shrewx/ginx/client.go:383.2,385.16 3 1
github.com/shrewx/ginx/client.go:385.16,387.3 1 1
github.com/shrewx/ginx/client.go:389.2,389.18 1 1
github.com/shrewx/ginx/client.go:392.26,394.2 1 1
github.com/shrewx/ginx/gin_operator.go:22.38,24.2 1 1
github.com/shrewx/ginx/gin_operator.go:26.35,30.2 1 1
github.com/shrewx/ginx/gin_operator.go:39.67,41.2 1 1
github.com/shrewx/ginx/gin_operator.go:42.35,43.29 1 1
github.com/shrewx/ginx/gin_operator.go:43.29,45.3 1 1
github.com/shrewx/ginx/gin_operator.go:46.2,46.11 1 1
github.com/shrewx/ginx/gin_operator.go:48.39,48.60 1 1
github.com/shrewx/ginx/gin_operator.go:49.37,50.29 1 1
github.com/shrewx/ginx/gin_operator.go:50.29,52.3 1 1
github.com/shrewx/ginx/gin_operator.go:53.2,53.11 1 1
github.com/shrewx/ginx/gin_operator.go:56.50,64.37 3 1
github.com/shrewx/ginx/gin_operator.go:64.37,65.26 1 1
github.com/shrewx/ginx/gin_operator.go:66.22,67.14 1 1
github.com/shrewx/ginx/gin_operator.go:67.14,68.51 1 1
github.com/shrewx/ginx/gin_operator.go:70.4,70.52 1 1
github.com/shrewx/ginx/gin_operator.go:71.23,72.48 1 1
github.com/shrewx/ginx/gin_operator.go:73.21,74.78 1 1
github.com/shrewx/ginx/gin_operator.go:78.2,80.10 2 1
github.com/shrewx/ginx/gin_operator.go:83.42,84.18 1 1
github.com/shrewx/ginx/gin_operator.go:85.20,86.74 1 1
github.com/shrewx/ginx/gin_operator.go:87.22,88.36 1 1
github.com/shrewx/ginx/gin_operator.go:89.10,91.27 2 1
github.com/shrewx/ginx/gin_operator.go:95.66,99.43 2 1
github.com/shrewx/ginx/gin_operator.go:99.43,101.3 1 1
github.com/shrewx/ginx/gin_operator.go:104.2,113.27 6 1
github.com/shrewx/ginx/gin_operator.go:113.27,116.3 2 1
github.com/shrewx/ginx/gin_operator.go:118.2,120.13 2 1
github.com/shrewx/ginx/gin_operator.go:123.51,124.47 1 1
github.com/shrewx/ginx/gin_operator.go:124.47,126.44 2 0
github.com/shrewx/ginx/gin_operator.go:126.44,128.4 1 0
github.com/shrewx/ginx/gin_operator.go:130.3,132.33 2 0
github.com/shrewx/ginx/gin_operator.go:132.33,134.4 1 0
github.com/shrewx/ginx/gin_operator.go:137.2,137.53 1 1
github.com/shrewx/ginx/gin_operator.go:137.53,138.39 1 1
github.com/shrewx/ginx/gin_operator.go:139.14,140.47 1 1
github.com/shrewx/ginx/gin_operator.go:141.15,142.48 1 0
github.com/shrewx/ginx/gin_operator.go:143.14,144.47 1 0
github.com/shrewx/ginx/gin_operator.go:145.17,146.50 1 0
github.com/shrewx/ginx/gin_operator.go:147.15,148.48 1 0
github.com/shrewx/ginx/gin_operator.go:149.16,150.49 1 0
github.com/shrewx/ginx/gin_operator.go:151.18,152.51 1 0
github.com/shrewx/ginx/gin_operator.go:153.11,154.59 1 1
github.com/shrewx/ginx/gin_operator.go:160.63,162.29 1 1
github.com/shrewx/ginx/gin_operator.go:162.29,164.3 1 1
github.com/shrewx/ginx/gin_operator.go:167.2,167.51 1 1
github.com/shrewx/ginx/gin_operator.go:167.51,169.3 1 1
github.com/shrewx/ginx/gin_operator.go:172.2,172.32 1 1
github.com/shrewx/ginx/gin_operator.go:172.32,174.3 1 1
github.com/shrewx/ginx/gin_operator.go:184.56,189.32 3 1
github.com/shrewx/ginx/gin_operator.go:189.32,193.10 3 1
github.com/shrewx/ginx/gin_operator.go:193.10,196.4 2 0
github.com/shrewx/ginx/gin_operator.go:199.3,204.38 3 1
github.com/shrewx/ginx/gin_operator.go:204.38,206.4 1 1
github.com/shrewx/ginx/gin_operator.go:209.3,209.67 1 1
github.com/shrewx/ginx/gin_operator.go:209.67,213.4 3 0
github.com/shrewx/ginx/gin_operator.go:216.3,217.17 2 1
github.com/shrewx/ginx/gin_operator.go:217.17,220.4 2 1
github.com/shrewx/ginx/gin_operator.go:223.3,223.49 1 1
github.com/shrewx/ginx/gin_operator.go:223.49,225.4 1 1
github.com/shrewx/ginx/gin_operator.go:228.3,228.88 1 1
github.com/shrewx/ginx/gin_operator.go:228.88,231.45 2 1
github.com/shrewx/ginx/gin_operator.go:231.45,233.5 1 1
github.com/shrewx/ginx/gin_operator.go:236.4,236.37 1 1
github.com/shrewx/ginx/gin_operator.go:237.23,238.53 1 1
github.com/shrewx/ginx/gin_operator.go:238.53,240.6 1 1
github.com/shrewx/ginx/gin_operator.go:241.5,241.61 1 1
github.com/shrewx/ginx/gin_operator.go:242.12,243.29 1 1
github.com/shrewx/ginx/gin_operator.go:247.3,247.9 1 1
github.com/shrewx/ginx/gin_operator.go:251.56,256.32 3 1
github.com/shrewx/ginx/gin_operator.go:256.32,260.10 3 1
github.com/shrewx/ginx/gin_operator.go:260.10,263.4 2 0
github.com/shrewx/ginx/gin_operator.go:266.3,271.67 3 1
github.com/shrewx/ginx/gin_operator.go:271.67,275.4 3 0
github.com/shrewx/ginx/gin_operator.go:277.3,278.17 2 1
github.com/shrewx/ginx/gin_operator.go:278.17,281.4 2 0
github.com/shrewx/ginx/gin_operator.go:284.3,284.49 1 1
github.com/shrewx/ginx/gin_operator.go:284.49,286.4 1 0
github.com/shrewx/ginx/gin_operator.go:291.51,292.25 1 1
github.com/shrewx/ginx/gin_operator.go:293.30,294.64 1 1
github.com/shrewx/ginx/gin_operator.go:295.31,296.90 1 1
github.com/shrewx/ginx/gin_operator.go:297.10,302.5 1 1
github.com/shrewx/ginx/gin_operator.go:306.39,308.37 2 1
github.com/shrewx/ginx/gin_operator.go:308.37,309.36 1 1
github.com/shrewx/ginx/gin_operator.go:310.15,311.17 1 1
github.com/shrewx/ginx/gin_operator.go:312.15,313.17 1 1
github.com/shrewx/ginx/gin_operator.go:314.11,314.11 0 1
github.com/shrewx/ginx/gin_operator.go:317.2,317.13 1 1
github.com/shrewx/ginx/ginx.go:44.30,45.20 1 1
github.com/shrewx/ginx/ginx.go:45.20,46.32 1 1
github.com/shrewx/ginx/ginx.go:46.32,48.18 2 1
github.com/shrewx/ginx/ginx.go:48.18,49.15 1 0
github.com/shrewx/ginx/ginx.go:51.4,51.43 1 1
github.com/shrewx/ginx/ginx.go:54.3,54.61 1 1
github.com/shrewx/ginx/ginx.go:54.61,55.14 1 0
github.com/shrewx/ginx/ginx.go:57.8,58.48 1 1
github.com/shrewx/ginx/ginx.go:58.48,59.14 1 0
github.com/shrewx/ginx/ginx.go:65.41,67.2 1 1
github.com/shrewx/ginx/ginx.go:77.58,80.39 3 0
github.com/shrewx/ginx/ginx.go:80.39,81.13 1 0
github.com/shrewx/ginx/ginx.go:87.31,88.18 1 1
github.com/shrewx/ginx/ginx.go:89.14,90.21 1 1
github.com/shrewx/ginx/ginx.go:91.10,92.21 1 1
github.com/shrewx/ginx/ginx.go:96.51,97.19 1 1
github.com/shrewx/ginx/ginx.go:97.19,99.3 1 1
github.com/shrewx/ginx/ginx.go:102.2,102.20 1 1
github.com/shrewx/ginx/ginx.go:102.20,104.3 1 0
github.com/shrewx/ginx/ginx.go:107.2,113.25 3 1
github.com/shrewx/ginx/ginx.go:127.44,129.2 1 1
github.com/shrewx/ginx/ginx.go:131.59,133.2 1 1
github.com/shrewx/ginx/ginx.go:135.25,136.22 1 1
github.com/shrewx/ginx/ginx.go:136.22,138.3 1 1
github.com/shrewx/ginx/ginx.go:140.2,140.20 1 1
github.com/shrewx/ginx/ginx.go:143.42,145.12 2 1
github.com/shrewx/ginx/ginx.go:145.12,147.3 1 1
github.com/shrewx/ginx/ginx.go:150.2,153.27 3 1
github.com/shrewx/ginx/ginx.go:153.27,155.3 1 1
github.com/shrewx/ginx/ginx.go:157.2,157.44 1 1
github.com/shrewx/ginx/ginx.go:157.44,163.3 5 0
github.com/shrewx/ginx/ginx.go:166.53,167.71 1 1
github.com/shrewx/ginx/ginx.go:167.71,168.55 1 1
github.com/shrewx/ginx/ginx.go:170.2,174.41 3 1
github.com/shrewx/ginx/ginx.go:174.41,176.3 1 1
github.com/shrewx/ginx/ginx.go:178.2,178.16 1 1
github.com/shrewx/ginx/ginx.go:178.16,186.3 2 0
github.com/shrewx/ginx/ginx.go:186.8,188.3 1 1
github.com/shrewx/ginx/ginx.go:190.2,190.16 1 1
github.com/shrewx/ginx/ginx.go:190.16,192.3 1 1
github.com/shrewx/ginx/ginx.go:194.2,194.12 1 0
github.com/shrewx/ginx/ginx.go:197.49,198.22 1 1
github.com/shrewx/ginx/ginx.go:198.22,211.47 3 1
github.com/shrewx/ginx/ginx.go:211.47,213.4 1 1
github.com/shrewx/ginx/ginx.go:216.2,216.12 1 1
github.com/shrewx/ginx/ginx.go:219.41,223.9 3 1
github.com/shrewx/ginx/ginx.go:224.24,225.14 1 0
github.com/shrewx/ginx/ginx.go:226.24,228.35 1 0
github.com/shrewx/ginx/ginx.go:229.39,231.14 1 0
github.com/shrewx/ginx/ginx.go:233.22,235.13 1 0
github.com/shrewx/ginx/ginx.go:238.2,238.12 1 0
github.com/shrewx/ginx/ginx.go:241.48,243.37 2 1
github.com/shrewx/ginx/ginx.go:243.37,244.13 1 0
github.com/shrewx/ginx/ginx.go:247.2,247.14 1 1
github.com/shrewx/ginx/interface.go:81.71,81.90 1 1
github.com/shrewx/ginx/method.go:7.37,7.62 1 1
github.com/shrewx/ginx/method.go:11.38,11.64 1 1
github.com/shrewx/ginx/method.go:15.37,15.62 1 0
github.com/shrewx/ginx/method.go:19.40,19.68 1 0
github.com/shrewx/ginx/method.go:23.41,23.70 1 0
github.com/shrewx/ginx/method.go:27.39,27.66 1 0
github.com/shrewx/ginx/middleware.go:12.40,14.2 1 0
github.com/shrewx/ginx/middleware.go:18.44,20.2 1 0
github.com/shrewx/ginx/middleware.go:24.51,26.2 1 0
github.com/shrewx/ginx/middleware.go:30.51,32.2 1 0
github.com/shrewx/ginx/mine.go:19.43,20.25 1 1
github.com/shrewx/ginx/mine.go:20.25,22.3 1 1
github.com/shrewx/ginx/mine.go:23.2,23.22 1 1
github.com/shrewx/ginx/mine.go:26.47,27.33 1 1
github.com/shrewx/ginx/mine.go:27.33,29.3 1 1
github.com/shrewx/ginx/mine.go:29.8,31.3 1 1
github.com/shrewx/ginx/mine.go:34.37,36.2 1 1
github.com/shrewx/ginx/mine.go:38.69,43.2 1 1
github.com/shrewx/ginx/mine.go:49.47,51.2 1 1
github.com/shrewx/ginx/mine.go:53.41,53.68 1 1
github.com/shrewx/ginx/mine.go:55.42,57.2 1 1
github.com/shrewx/ginx/mine.go:63.42,65.2 1 1
github.com/shrewx/ginx/mine.go:67.36,67.63 1 1
github.com/shrewx/ginx/mine.go:69.32,71.2 1 1
github.com/shrewx/ginx/mine.go:77.42,79.2 1 1
github.com/shrewx/ginx/mine.go:81.36,81.63 1 1
github.com/shrewx/ginx/mine.go:83.32,85.2 1 1
github.com/shrewx/ginx/mine.go:91.41,93.2 1 1
github.com/shrewx/ginx/mine.go:95.35,95.62 1 1
github.com/shrewx/ginx/mine.go:97.30,99.2 1 1
github.com/shrewx/ginx/mine.go:105.42,107.2 1 0
github.com/shrewx/ginx/mine.go:109.36,109.63 1 0
github.com/shrewx/ginx/mine.go:111.32,113.2 1 0
github.com/shrewx/ginx/mine.go:119.42,121.2 1 0
github.com/shrewx/ginx/mine.go:123.36,123.63 1 0
github.com/shrewx/ginx/mine.go:125.32,127.2 1 0
github.com/shrewx/ginx/mine.go:129.30,131.2 1 0
github.com/shrewx/ginx/mine.go:137.41,139.2 1 0
github.com/shrewx/ginx/mine.go:141.35,141.62 1 0
github.com/shrewx/ginx/mine.go:143.30,145.2 1 0
github.com/shrewx/ginx/mine.go:151.41,153.2 1 0
github.com/shrewx/ginx/mine.go:155.35,155.62 1 0
github.com/shrewx/ginx/mine.go:157.32,159.2 1 0
github.com/shrewx/ginx/mine.go:165.42,167.2 1 0
github.com/shrewx/ginx/mine.go:169.36,169.63 1 0
github.com/shrewx/ginx/mine.go:171.30,173.2 1 0
github.com/shrewx/ginx/mine.go:179.41,181.2 1 0
github.com/shrewx/ginx/mine.go:183.35,183.62 1 0
github.com/shrewx/ginx/mine.go:185.30,187.2 1 0
github.com/shrewx/ginx/mine.go:193.38,195.2 1 0
github.com/shrewx/ginx/mine.go:197.35,197.62 1 0
github.com/shrewx/ginx/mine.go:199.32,201.2 1 0
github.com/shrewx/ginx/mine.go:207.42,209.2 1 0
github.com/shrewx/ginx/mine.go:211.36,211.63 1 0
github.com/shrewx/ginx/mine.go:213.20,215.2 1 0
github.com/shrewx/ginx/mine.go:221.36,223.2 1 0
github.com/shrewx/ginx/mine.go:225.30,225.57 1 0
github.com/shrewx/ginx/mine.go:227.22,229.2 1 0
github.com/shrewx/ginx/mine.go:235.37,237.2 1 0
github.com/shrewx/ginx/mine.go:239.31,239.58 1 0
github.com/shrewx/ginx/mine.go:241.24,243.2 1 0
github.com/shrewx/ginx/mine.go:249.38,251.2 1 0
github.com/shrewx/ginx/mine.go:253.32,253.59 1 0
github.com/shrewx/ginx/mine.go:255.30,257.2 1 0
github.com/shrewx/ginx/mine.go:263.41,265.2 1 0
github.com/shrewx/ginx/mine.go:266.35,266.62 1 0
github.com/shrewx/ginx/mine.go:268.32,270.2 1 0
github.com/shrewx/ginx/mine.go:276.42,278.2 1 0
github.com/shrewx/ginx/mine.go:280.36,280.63 1 0
github.com/shrewx/ginx/operator_cache.go:37.57,38.50 1 1
github.com/shrewx/ginx/operator_cache.go:38.50,40.3 1 1
github.com/shrewx/ginx/operator_cache.go:41.2,41.47 1 0
github.com/shrewx/ginx/operator_cache.go:45.65,49.2 2 1
github.com/shrewx/ginx/operator_cache.go:54.74,59.36 2 1
github.com/shrewx/ginx/operator_cache.go:59.36,61.26 2 1
github.com/shrewx/ginx/operator_cache.go:61.26,63.4 1 1
github.com/shrewx/ginx/operator_cache.go:71.71,73.40 1 1
github.com/shrewx/ginx/operator_cache.go:73.40,75.3 1 1
github.com/shrewx/ginx/operator_cache.go:78.2,78.62 1 1
github.com/shrewx/ginx/operator_cache.go:78.62,80.3 1 1
github.com/shrewx/ginx/operator_cache.go:83.2,88.13 3 1
github.com/shrewx/ginx/operator_cache.go:94.69,107.27 3 1
github.com/shrewx/ginx/operator_cache.go:107.27,109.4 1 1
github.com/shrewx/ginx/operator_cache.go:113.2,119.13 3 1
github.com/shrewx/ginx/operator_cache.go:123.67,124.45 1 1
github.com/shrewx/ginx/operator_cache.go:124.45,128.22 2 1
github.com/shrewx/ginx/operator_cache.go:128.22,129.12 1 1
github.com/shrewx/ginx/operator_cache.go:132.3,140.44 2 1
github.com/shrewx/ginx/operator_cache.go:140.44,144.49 2 1
github.com/shrewx/ginx/operator_cache.go:144.49,146.5 1 1
github.com/shrewx/ginx/operator_cache.go:146.10,146.64 1 1
github.com/shrewx/ginx/operator_cache.go:146.64,148.5 1 0
github.com/shrewx/ginx/operator_cache.go:148.10,151.5 1 1
github.com/shrewx/ginx/operator_cache.go:154.4,157.39 2 1
github.com/shrewx/ginx/operator_cache.go:160.3,160.47 1 1
github.com/shrewx/ginx/operator_cache.go:165.57,166.12 1 1
github.com/shrewx/ginx/operator_cache.go:167.14,168.27 1 1
github.com/shrewx/ginx/operator_cache.go:169.15,170.23 1 1
github.com/shrewx/ginx/operator_cache.go:171.14,172.22 1 1
github.com/shrewx/ginx/operator_cache.go:173.41,174.22 1 1
github.com/shrewx/ginx/operator_cache.go:179.81,184.72 2 1
github.com/shrewx/ginx/operator_cache.go:184.72,186.3 1 1
github.com/shrewx/ginx/operator_cache.go:189.2,189.68 1 1
github.com/shrewx/ginx/operator_cache.go:189.68,193.3 2 1
github.com/shrewx/ginx/operator_cache.go:197.46,201.34 3 1
github.com/shrewx/ginx/operator_cache.go:201.34,202.22 1 1
github.com/shrewx/ginx/operator_cache.go:202.22,206.67 3 1
github.com/shrewx/ginx/operator_cache.go:206.67,208.5 1 1
github.com/shrewx/ginx/operator_cache.go:209.4,209.19 1 1
github.com/shrewx/ginx/operator_cache.go:209.19,211.5 1 1
github.com/shrewx/ginx/operator_cache.go:212.4,212.15 1 1
github.com/shrewx/ginx/operator_cache.go:216.2,216.15 1 1
github.com/shrewx/ginx/operator_cache.go:220.36,221.17 1 1
github.com/shrewx/ginx/operator_cache.go:221.17,223.3 1 1
github.com/shrewx/ginx/operator_cache.go:224.2,225.32 2 1
github.com/shrewx/ginx/operator_cache.go:225.32,227.3 1 1
github.com/shrewx/ginx/operator_cache.go:228.2,228.18 1 1
github.com/shrewx/ginx/operator_cache.go:232.19,234.2 1 1
github.com/shrewx/ginx/operator_cache.go:237.44,238.31 1 1
github.com/shrewx/ginx/operator_cache.go:238.31,241.3 2 1
